Using pre-set license
Built from '6000.0/staging' branch; Version is '6000.0.24f1 (11fa355cd605) revision 1178165'; Using compiler version '193933523'; Build Type 'Release'
OS: 'Windows 11  (10.0.22631) 64bit Core' Language: 'en' Physical Memory: 16108 MB
BatchMode: 1, IsHumanControllingUs: 0, StartBugReporterOnCrash: 0, Is64bit: 1, IsPro: 1

COMMAND LINE ARGUMENTS:
C:\Program Files\Unity\Hub\Editor\6000.0.24f1\Editor\Unity.exe
-adb2
-batchMode
-noUpm
-name
AssetImportWorker2
-projectPath
D:/Unity Learn/Essentials-Download-U6/Essentials Project
-logFile
Logs/AssetImportWorker2.log
-srvPort
55373
-job-worker-count
7
-background-job-worker-count
8
-asset-garbage-collectors
1
Successfully changed project path to: D:/Unity Learn/Essentials-Download-U6/Essentials Project
D:/Unity Learn/Essentials-Download-U6/Essentials Project
[UnityMemory] Configuration Parameters - Can be set up in boot.config
    "memorysetup-bucket-allocator-granularity=16"
    "memorysetup-bucket-allocator-bucket-count=8"
    "memorysetup-bucket-allocator-block-size=33554432"
    "memorysetup-bucket-allocator-block-count=8"
    "memorysetup-main-allocator-block-size=16777216"
    "memorysetup-thread-allocator-block-size=16777216"
    "memorysetup-gfx-main-allocator-block-size=16777216"
    "memorysetup-gfx-thread-allocator-block-size=16777216"
    "memorysetup-cache-allocator-block-size=4194304"
    "memorysetup-typetree-allocator-block-size=2097152"
    "memorysetup-profiler-bucket-allocator-granularity=16"
    "memorysetup-profiler-bucket-allocator-bucket-count=8"
    "memorysetup-profiler-bucket-allocator-block-size=33554432"
    "memorysetup-profiler-bucket-allocator-block-count=8"
    "memorysetup-profiler-allocator-block-size=16777216"
    "memorysetup-profiler-editor-allocator-block-size=1048576"
    "memorysetup-temp-allocator-size-main=16777216"
    "memorysetup-job-temp-allocator-block-size=2097152"
    "memorysetup-job-temp-allocator-block-size-background=1048576"
    "memorysetup-job-temp-allocator-reduction-small-platforms=262144"
    "memorysetup-allocator-temp-initial-block-size-main=262144"
    "memorysetup-allocator-temp-initial-block-size-worker=262144"
    "memorysetup-temp-allocator-size-background-worker=32768"
    "memorysetup-temp-allocator-size-job-worker=262144"
    "memorysetup-temp-allocator-size-preload-manager=33554432"
    "memorysetup-temp-allocator-size-nav-mesh-worker=65536"
    "memorysetup-temp-allocator-size-audio-worker=65536"
    "memorysetup-temp-allocator-size-cloud-worker=32768"
    "memorysetup-temp-allocator-size-gi-baking-worker=262144"
    "memorysetup-temp-allocator-size-gi-baking-worker=262144"
    "memorysetup-temp-allocator-size-gi-baking-worker=262144"
    "memorysetup-temp-allocator-size-gi-baking-worker=262144"
    "memorysetup-temp-allocator-size-gi-baking-worker=262144"
    "memorysetup-temp-allocator-size-gfx=262144"
Player connection [12984]  Target information:

Player connection [12984]  * "[IP] 192.168.1.87 [Port] 0 [Flags] 2 [Guid] 1161732920 [EditorId] 1161732920 [Version] 1048832 [Id] WindowsEditor(7,LEGION-Y7000P) [Debug] 1 [PackageName] WindowsEditor [ProjectName] Editor" 

Player connection [12984] Host joined multi-casting on [225.0.0.222:54997]...
Player connection [12984] Host joined alternative multi-casting on [225.0.0.222:34997]...
JobSystem: Creating JobQueue using job-worker-count value 7
[Physics::Module] Initialized fallback backend.
[Physics::Module] Id: 0xdecafbad
Library Redirect Path: Library/
[Physics::Module] Selected backend.
[Physics::Module] Name: PhysX
[Physics::Module] Id: 0xf2b8ea05
[Physics::Module] SDK Version: 4.1.2
[Physics::Module] Integration Version: 1.0.0
[Physics::Module] Threading Mode: Multi-Threaded
Refreshing native plugins compatible for Editor in 1.45 ms, found 4 plugins.
Preloading 0 native plugins for Editor in 0.00 ms.
Initialize engine version: 6000.0.24f1 (11fa355cd605)
[Subsystems] Discovering subsystems at path C:/Program Files/Unity/Hub/Editor/6000.0.24f1/Editor/Data/Resources/UnitySubsystems
[Subsystems] Discovering subsystems at path D:/Unity Learn/Essentials-Download-U6/Essentials Project/Assets
GfxDevice: creating device client; kGfxThreadingModeNonThreaded
Direct3D:
    Version:  Direct3D 11.0 [level 11.1]
    Renderer: NVIDIA GeForce RTX 4050 Laptop GPU (ID=0x28e1)
    Vendor:   NVIDIA
    VRAM:     5921 MB
    Driver:   32.0.15.6614
Initialize mono
Mono path[0] = 'C:/Program Files/Unity/Hub/Editor/6000.0.24f1/Editor/Data/Managed'
Mono path[1] = 'C:/Program Files/Unity/Hub/Editor/6000.0.24f1/Editor/Data/MonoBleedingEdge/lib/mono/unityjit-win32'
Mono config path = 'C:/Program Files/Unity/Hub/Editor/6000.0.24f1/Editor/Data/MonoBleedingEdge/etc'
Using monoOptions --debugger-agent=transport=dt_socket,embedding=1,server=y,suspend=n,address=127.0.0.1:56032
Begin MonoManager ReloadAssembly
Registering precompiled unity dll's ...
Register platform support module: C:/Program Files/Unity/Hub/Editor/6000.0.24f1/Editor/Data/PlaybackEngines/WebGLSupport/UnityEditor.WebGL.Extensions.dll
Register platform support module: C:/Program Files/Unity/Hub/Editor/6000.0.24f1/Editor/Data/PlaybackEngines/WindowsStandaloneSupport/UnityEditor.WindowsStandalone.Extensions.dll
Register platform support module: C:/Program Files/Unity/Hub/Editor/6000.0.24f1/Editor/Data/PlaybackEngines/AndroidPlayer/UnityEditor.Android.Extensions.dll
Registered in 0.003254 seconds.
- Loaded All Assemblies, in  0.308 seconds
Native extension for Android target not found
Android Extension - Scanning For ADB Devices 186 ms
Native extension for WindowsStandalone target not found
Native extension for WebGL target not found
Mono: successfully reloaded assembly
- Finished resetting the current domain, in  0.476 seconds
Domain Reload Profiling: 782ms
	BeginReloadAssembly (100ms)
		ExecutionOrderSort (0ms)
		DisableScriptedObjects (0ms)
		BackupInstance (0ms)
		ReleaseScriptingObjects (0ms)
		CreateAndSetChildDomain (0ms)
	RebuildCommonClasses (29ms)
	RebuildNativeTypeToScriptingClass (9ms)
	initialDomainReloadingComplete (37ms)
	LoadAllAssembliesAndSetupDomain (132ms)
		LoadAssemblies (98ms)
		RebuildTransferFunctionScriptingTraits (0ms)
		AnalyzeDomain (129ms)
			TypeCache.Refresh (128ms)
				TypeCache.ScanAssembly (118ms)
			BuildScriptInfoCaches (0ms)
			ResolveRequiredComponents (0ms)
	FinalizeReload (476ms)
		ReleaseScriptCaches (0ms)
		RebuildScriptCaches (0ms)
		SetupLoadedEditorAssemblies (452ms)
			LogAssemblyErrors (0ms)
			InitializePlatformSupportModulesInManaged (253ms)
			SetLoadedEditorAssemblies (2ms)
			BeforeProcessingInitializeOnLoad (5ms)
			ProcessInitializeOnLoadAttributes (128ms)
			ProcessInitializeOnLoadMethodAttributes (61ms)
			AfterProcessingInitializeOnLoad (2ms)
			EditorAssembliesLoaded (0ms)
		ExecutionOrderSort2 (0ms)
		AwakeInstancesAfterBackupRestoration (0ms)
========================================================================
Worker process is ready to serve import requests
Import Worker Mode flag is 0x00
Begin MonoManager ReloadAssembly
- Loaded All Assemblies, in  0.949 seconds
Refreshing native plugins compatible for Editor in 3.30 ms, found 4 plugins.
Native extension for Android target not found
Native extension for WindowsStandalone target not found
Native extension for WebGL target not found
Mono: successfully reloaded assembly
- Finished resetting the current domain, in  0.980 seconds
Domain Reload Profiling: 1927ms
	BeginReloadAssembly (321ms)
		ExecutionOrderSort (0ms)
		DisableScriptedObjects (4ms)
		BackupInstance (0ms)
		ReleaseScriptingObjects (0ms)
		CreateAndSetChildDomain (26ms)
	RebuildCommonClasses (30ms)
	RebuildNativeTypeToScriptingClass (9ms)
	initialDomainReloadingComplete (30ms)
	LoadAllAssembliesAndSetupDomain (557ms)
		LoadAssemblies (357ms)
		RebuildTransferFunctionScriptingTraits (0ms)
		AnalyzeDomain (282ms)
			TypeCache.Refresh (189ms)
				TypeCache.ScanAssembly (173ms)
			BuildScriptInfoCaches (80ms)
			ResolveRequiredComponents (10ms)
	FinalizeReload (980ms)
		ReleaseScriptCaches (0ms)
		RebuildScriptCaches (0ms)
		SetupLoadedEditorAssemblies (753ms)
			LogAssemblyErrors (0ms)
			InitializePlatformSupportModulesInManaged (12ms)
			SetLoadedEditorAssemblies (2ms)
			BeforeProcessingInitializeOnLoad (257ms)
			ProcessInitializeOnLoadAttributes (376ms)
			ProcessInitializeOnLoadMethodAttributes (100ms)
			AfterProcessingInitializeOnLoad (5ms)
			EditorAssembliesLoaded (0ms)
		ExecutionOrderSort2 (0ms)
		AwakeInstancesAfterBackupRestoration (4ms)
Launched and connected shader compiler UnityShaderCompiler.exe after 0.02 seconds
Refreshing native plugins compatible for Editor in 0.77 ms, found 4 plugins.
Preloading 0 native plugins for Editor in 0.00 ms.
Unloading 228 Unused Serialized files (Serialized files now loaded: 0)
Unloading 6733 unused Assets / (4.4 MB). Loaded Objects now: 7540.
Memory consumption went from 212.5 MB to 208.1 MB.
Total: 6.747100 ms (FindLiveObjects: 0.449700 ms CreateObjectMapping: 0.312600 ms MarkObjects: 4.199200 ms  DeleteObjects: 1.784400 ms)

========================================================================
Received Import Request.
  Time since last request: 596835.441762 seconds.
  path: Packages/com.unity.2d.sprite/Editor/ObjectMenuCreation/DefaultAssets/Textures/v2/Square.png
  artifactKey: Guid(311925a002f4447b3a28927169b83ea6) Importer(815301076,1909f56bfc062723c751e8b465ee728b)
Start importing Packages/com.unity.2d.sprite/Editor/ObjectMenuCreation/DefaultAssets/Textures/v2/Square.png using Guid(311925a002f4447b3a28927169b83ea6) Importer(815301076,1909f56bfc062723c751e8b465ee728b) (PreviewImporter) -> (artifact id: '23d6609a270567e56332cf34c3c61e87') in 0.0846214 seconds
Number of updated asset objects reloaded before import = 0Number of asset objects unloaded after import = 3

========================================================================
Received Import Request.
  Time since last request: 174.374305 seconds.
  path: Assets/_Unity Essentials/Sprites/Furniture
  artifactKey: Guid(bf8184b119bc84f1d9dcc2fae953071a) Importer(815301076,1909f56bfc062723c751e8b465ee728b)
Start importing Assets/_Unity Essentials/Sprites/Furniture using Guid(bf8184b119bc84f1d9dcc2fae953071a) Importer(815301076,1909f56bfc062723c751e8b465ee728b) (PreviewImporter) -> (artifact id: '79885c7dc5e298a416b11be4096f0a09') in 0.000647 seconds
Number of updated asset objects reloaded before import = 0Number of asset objects unloaded after import = 0

========================================================================
Received Import Request.
  Time since last request: 0.070467 seconds.
  path: Assets/_Unity Essentials/Sprites/Furniture/ArmChair.png
  artifactKey: Guid(05400a652ebda43e3b26bc8ecf6b5342) Importer(815301076,1909f56bfc062723c751e8b465ee728b)
Start importing Assets/_Unity Essentials/Sprites/Furniture/ArmChair.png using Guid(05400a652ebda43e3b26bc8ecf6b5342) Importer(815301076,1909f56bfc062723c751e8b465ee728b) (PreviewImporter) -> (artifact id: 'ce90bac17bb3f89823d5e8101df24e66') in 0.0266514 seconds
Number of updated asset objects reloaded before import = 0Number of asset objects unloaded after import = 3

========================================================================
Received Import Request.
  Time since last request: 0.000015 seconds.
  path: Assets/_Unity Essentials/Sprites/Furniture/Lamp.png
  artifactKey: Guid(0da0a384bb76b4104a0c482bd3eb891b) Importer(815301076,1909f56bfc062723c751e8b465ee728b)
Start importing Assets/_Unity Essentials/Sprites/Furniture/Lamp.png using Guid(0da0a384bb76b4104a0c482bd3eb891b) Importer(815301076,1909f56bfc062723c751e8b465ee728b) (PreviewImporter) -> (artifact id: 'a7d2090bea96f254f53b0fb70c6b5184') in 0.02543 seconds
Number of updated asset objects reloaded before import = 0Number of asset objects unloaded after import = 3

========================================================================
Received Import Request.
  Time since last request: 0.000016 seconds.
  path: Assets/_Unity Essentials/Sprites/Furniture/SlipperL.png
  artifactKey: Guid(c0880bd94f2cf44c28440ee22ef54e43) Importer(815301076,1909f56bfc062723c751e8b465ee728b)
Start importing Assets/_Unity Essentials/Sprites/Furniture/SlipperL.png using Guid(c0880bd94f2cf44c28440ee22ef54e43) Importer(815301076,1909f56bfc062723c751e8b465ee728b) (PreviewImporter) -> (artifact id: '9b6a744ec9e6316a334f22ae41dbc2fe') in 0.0207808 seconds
Number of updated asset objects reloaded before import = 0Number of asset objects unloaded after import = 3

========================================================================
Received Import Request.
  Time since last request: 0.000014 seconds.
  path: Assets/_Unity Essentials/Sprites/Furniture/Table_CoffeeDark.png
  artifactKey: Guid(7db1f59be592e46eea59bd035a2e9a52) Importer(815301076,1909f56bfc062723c751e8b465ee728b)
Start importing Assets/_Unity Essentials/Sprites/Furniture/Table_CoffeeDark.png using Guid(7db1f59be592e46eea59bd035a2e9a52) Importer(815301076,1909f56bfc062723c751e8b465ee728b) (PreviewImporter) -> (artifact id: 'ac5589cf2bbc40c15e6c80dcba27437e') in 0.0198044 seconds
Number of updated asset objects reloaded before import = 0Number of asset objects unloaded after import = 3

========================================================================
Received Import Request.
  Time since last request: 0.000018 seconds.
  path: Assets/_Unity Essentials/Sprites/Furniture/Plant.png
  artifactKey: Guid(158971440a53a4f33b6116774b08fbe5) Importer(815301076,1909f56bfc062723c751e8b465ee728b)
Start importing Assets/_Unity Essentials/Sprites/Furniture/Plant.png using Guid(158971440a53a4f33b6116774b08fbe5) Importer(815301076,1909f56bfc062723c751e8b465ee728b) (PreviewImporter) -> (artifact id: '6595f2c2d07fcd9ae40e39dbcd1bbb72') in 0.0263044 seconds
Number of updated asset objects reloaded before import = 0Number of asset objects unloaded after import = 3

========================================================================
Received Import Request.
  Time since last request: 0.000023 seconds.
  path: Assets/_Unity Essentials/Sprites/Furniture/Chair_DiningBlue.png
  artifactKey: Guid(c04894ca170334008a7bcab9133cfa91) Importer(815301076,1909f56bfc062723c751e8b465ee728b)
Start importing Assets/_Unity Essentials/Sprites/Furniture/Chair_DiningBlue.png using Guid(c04894ca170334008a7bcab9133cfa91) Importer(815301076,1909f56bfc062723c751e8b465ee728b) (PreviewImporter) -> (artifact id: 'abf5fba77b0773bcbb649ce6d038df63') in 0.0233436 seconds
Number of updated asset objects reloaded before import = 0Number of asset objects unloaded after import = 3

========================================================================
Received Import Request.
  Time since last request: 0.000014 seconds.
  path: Assets/_Unity Essentials/Sprites/Furniture/Table_Coffee.png
  artifactKey: Guid(ac03aab131253440783607f28daee0d7) Importer(815301076,1909f56bfc062723c751e8b465ee728b)
Start importing Assets/_Unity Essentials/Sprites/Furniture/Table_Coffee.png using Guid(ac03aab131253440783607f28daee0d7) Importer(815301076,1909f56bfc062723c751e8b465ee728b) (PreviewImporter) -> (artifact id: '7c371968b24714f1e16c33e650f44367') in 0.0192866 seconds
Number of updated asset objects reloaded before import = 0Number of asset objects unloaded after import = 3

========================================================================
Received Import Request.
  Time since last request: 0.000014 seconds.
  path: Assets/_Unity Essentials/Sprites/Furniture/ShoeR.png
  artifactKey: Guid(66a4a146305ce435ba2ebc66b479a6b8) Importer(815301076,1909f56bfc062723c751e8b465ee728b)
Start importing Assets/_Unity Essentials/Sprites/Furniture/ShoeR.png using Guid(66a4a146305ce435ba2ebc66b479a6b8) Importer(815301076,1909f56bfc062723c751e8b465ee728b) (PreviewImporter) -> (artifact id: '4eb9dd85313303f354b656d918eaed53') in 0.0188693 seconds
Number of updated asset objects reloaded before import = 0Number of asset objects unloaded after import = 3

========================================================================
Received Import Request.
  Time since last request: 11.777954 seconds.
  path: Assets/_Unity Essentials/Sprites/Rugs/Rug_9Slice Pink.prefab
  artifactKey: Guid(4bf37f3905d3841d49ff2a9a09117cae) Importer(815301076,1909f56bfc062723c751e8b465ee728b)
Start importing Assets/_Unity Essentials/Sprites/Rugs/Rug_9Slice Pink.prefab using Guid(4bf37f3905d3841d49ff2a9a09117cae) Importer(815301076,1909f56bfc062723c751e8b465ee728b) (PreviewImporter) -> (artifact id: 'e734ac2769cabeaffe7614292f0ae2b0') in 0.3570966 seconds
Number of updated asset objects reloaded before import = 0Number of asset objects unloaded after import = 7

========================================================================
Received Import Request.
  Time since last request: 1.297738 seconds.
  path: Assets/_Unity Essentials/Sprites/Rugs/Textures/Rug_9Slice Pink.png
  artifactKey: Guid(f12a8d3a3ba624240acd2cec7871b8e6) Importer(815301076,1909f56bfc062723c751e8b465ee728b)
Start importing Assets/_Unity Essentials/Sprites/Rugs/Textures/Rug_9Slice Pink.png using Guid(f12a8d3a3ba624240acd2cec7871b8e6) Importer(815301076,1909f56bfc062723c751e8b465ee728b) (PreviewImporter) -> (artifact id: 'e3198ec82984955261f43be817a22eed') in 0.030779 seconds
Number of updated asset objects reloaded before import = 0Number of asset objects unloaded after import = 3

========================================================================
Received Import Request.
  Time since last request: 7.075845 seconds.
  path: Assets/_Unity Essentials/Sprites/Floor/FloorGreen.png
  artifactKey: Guid(06e56311aad7944f2932f135244a10fb) Importer(815301076,1909f56bfc062723c751e8b465ee728b)
Start importing Assets/_Unity Essentials/Sprites/Floor/FloorGreen.png using Guid(06e56311aad7944f2932f135244a10fb) Importer(815301076,1909f56bfc062723c751e8b465ee728b) (PreviewImporter) -> (artifact id: '0004fd8cab08fa7fcef68f36da3b05cd') in 0.0610611 seconds
Number of updated asset objects reloaded before import = 0Number of asset objects unloaded after import = 3

========================================================================
Received Import Request.
  Time since last request: 10.380691 seconds.
  path: Assets/_Unity Essentials/Sprites/Collectibles/Dirt_2D.prefab
  artifactKey: Guid(57a8a3a7dcc4149d1a10f3dc04258aca) Importer(815301076,1909f56bfc062723c751e8b465ee728b)
Start importing Assets/_Unity Essentials/Sprites/Collectibles/Dirt_2D.prefab using Guid(57a8a3a7dcc4149d1a10f3dc04258aca) Importer(815301076,1909f56bfc062723c751e8b465ee728b) (PreviewImporter) -> (artifact id: '86f30f305b1f36f150aef4ba33695e76') in 0.0472399 seconds
Number of updated asset objects reloaded before import = 0Number of asset objects unloaded after import = 15

========================================================================
Received Import Request.
  Time since last request: 5.579637 seconds.
  path: Assets/_Unity Essentials/Sprites/Animated/Sprite Sheet_Dog.png
  artifactKey: Guid(0e3220fa09061467fb07554d5d3c170f) Importer(815301076,1909f56bfc062723c751e8b465ee728b)
Start importing Assets/_Unity Essentials/Sprites/Animated/Sprite Sheet_Dog.png using Guid(0e3220fa09061467fb07554d5d3c170f) Importer(815301076,1909f56bfc062723c751e8b465ee728b) (PreviewImporter) -> (artifact id: 'dda4edbf37fe84246b3f0125dd54e126') in 0.0340311 seconds
Number of updated asset objects reloaded before import = 0Number of asset objects unloaded after import = 3

========================================================================
Received Import Request.
  Time since last request: 2464.746614 seconds.
  path: Assets/_Unity Essentials/Prefabs/Lights/LampTall.prefab
  artifactKey: Guid(ebc13ed40311b184c98364ffba271c6c) Importer(815301076,1909f56bfc062723c751e8b465ee728b)
Start importing Assets/_Unity Essentials/Prefabs/Lights/LampTall.prefab using Guid(ebc13ed40311b184c98364ffba271c6c) Importer(815301076,1909f56bfc062723c751e8b465ee728b) (PreviewImporter) -> (artifact id: '3778be9752435ef02d79c7a8b0a0e989') in 0.0814784 seconds
Number of updated asset objects reloaded before import = 0Number of asset objects unloaded after import = 38

========================================================================
Received Import Request.
  Time since last request: 0.935605 seconds.
  path: Assets/_Unity Essentials/Prefabs/Outdoor/Chair_Adirondack_36in_BY001.prefab
  artifactKey: Guid(bea4a4fbff7ecaa42a8368839e98dd3e) Importer(815301076,1909f56bfc062723c751e8b465ee728b)
Start importing Assets/_Unity Essentials/Prefabs/Outdoor/Chair_Adirondack_36in_BY001.prefab using Guid(bea4a4fbff7ecaa42a8368839e98dd3e) Importer(815301076,1909f56bfc062723c751e8b465ee728b) (PreviewImporter) -> (artifact id: '88b23fab39108bba215add4f154e2951') in 0.0393207 seconds
Number of updated asset objects reloaded before import = 0Number of asset objects unloaded after import = 18

========================================================================
Received Import Request.
  Time since last request: 0.000018 seconds.
  path: Assets/_Unity Essentials/Prefabs/Outdoor/Fence_DogEar_2ft_BY001.prefab
  artifactKey: Guid(8ddd8c558b1a5e9408bf114362304e85) Importer(815301076,1909f56bfc062723c751e8b465ee728b)
Start importing Assets/_Unity Essentials/Prefabs/Outdoor/Fence_DogEar_2ft_BY001.prefab using Guid(8ddd8c558b1a5e9408bf114362304e85) Importer(815301076,1909f56bfc062723c751e8b465ee728b) (PreviewImporter) -> (artifact id: 'b775d70d0554be691181cc4aa116c38a') in 0.0328187 seconds
Number of updated asset objects reloaded before import = 0Number of asset objects unloaded after import = 18

========================================================================
Received Import Request.
  Time since last request: 0.000035 seconds.
  path: Assets/_Unity Essentials/Prefabs/Outdoor/Playset_Swings_BY001.prefab
  artifactKey: Guid(07df911d89d4d4ce885ce9a7418f9561) Importer(815301076,1909f56bfc062723c751e8b465ee728b)
Start importing Assets/_Unity Essentials/Prefabs/Outdoor/Playset_Swings_BY001.prefab using Guid(07df911d89d4d4ce885ce9a7418f9561) Importer(815301076,1909f56bfc062723c751e8b465ee728b) (PreviewImporter) -> (artifact id: '991eb9701487fec30b282cafd0c516cb') in 0.068203 seconds
Number of updated asset objects reloaded before import = 0Number of asset objects unloaded after import = 21

========================================================================
Received Import Request.
  Time since last request: 0.000031 seconds.
  path: Assets/_Unity Essentials/Prefabs/Outdoor/Grill_54in_BY001.prefab
  artifactKey: Guid(5190fbab6823c1644a54e9d5022d3dd3) Importer(815301076,1909f56bfc062723c751e8b465ee728b)
Start importing Assets/_Unity Essentials/Prefabs/Outdoor/Grill_54in_BY001.prefab using Guid(5190fbab6823c1644a54e9d5022d3dd3) Importer(815301076,1909f56bfc062723c751e8b465ee728b) (PreviewImporter) -> (artifact id: 'a5ecf221b23f23bfed696fd9f6ee123d') in 0.0340814 seconds
Number of updated asset objects reloaded before import = 0Number of asset objects unloaded after import = 21

========================================================================
Received Import Request.
  Time since last request: 0.000027 seconds.
  path: Assets/_Unity Essentials/Prefabs/Outdoor/Fence_DogEar_6ft_BY001.prefab
  artifactKey: Guid(4263aa52d6bca844ebaaa71504b52023) Importer(815301076,1909f56bfc062723c751e8b465ee728b)
Start importing Assets/_Unity Essentials/Prefabs/Outdoor/Fence_DogEar_6ft_BY001.prefab using Guid(4263aa52d6bca844ebaaa71504b52023) Importer(815301076,1909f56bfc062723c751e8b465ee728b) (PreviewImporter) -> (artifact id: '42ab0230bef65df78745323639c56483') in 0.0354965 seconds
Number of updated asset objects reloaded before import = 0Number of asset objects unloaded after import = 18

========================================================================
Received Import Request.
  Time since last request: 0.000028 seconds.
  path: Assets/_Unity Essentials/Prefabs/Outdoor/FirePit_32in_BY001.prefab
  artifactKey: Guid(e99199c67a86f99428096311aefd2130) Importer(815301076,1909f56bfc062723c751e8b465ee728b)
Start importing Assets/_Unity Essentials/Prefabs/Outdoor/FirePit_32in_BY001.prefab using Guid(e99199c67a86f99428096311aefd2130) Importer(815301076,1909f56bfc062723c751e8b465ee728b) (PreviewImporter) -> (artifact id: '61402d1465f6a08ef99a0099204da5fa') in 0.0393205 seconds
Number of updated asset objects reloaded before import = 0Number of asset objects unloaded after import = 21

========================================================================
Received Import Request.
  Time since last request: 0.000033 seconds.
  path: Assets/_Unity Essentials/Prefabs/Outdoor/Umbrella_7ft_BY001.prefab
  artifactKey: Guid(3fdf3e7354b87fb4fabef2bf02e53367) Importer(815301076,1909f56bfc062723c751e8b465ee728b)
Start importing Assets/_Unity Essentials/Prefabs/Outdoor/Umbrella_7ft_BY001.prefab using Guid(3fdf3e7354b87fb4fabef2bf02e53367) Importer(815301076,1909f56bfc062723c751e8b465ee728b) (PreviewImporter) -> (artifact id: '6c72303345cd15c85a22a8bcb91f8fa5') in 0.0313819 seconds
Number of updated asset objects reloaded before import = 0Number of asset objects unloaded after import = 31

========================================================================
Received Import Request.
  Time since last request: 0.000042 seconds.
  path: Assets/_Unity Essentials/Prefabs/Outdoor/PicnicTable_6ft_BY001.prefab
  artifactKey: Guid(c642b45e0cff2b943a977f6cbce21a21) Importer(815301076,1909f56bfc062723c751e8b465ee728b)
Start importing Assets/_Unity Essentials/Prefabs/Outdoor/PicnicTable_6ft_BY001.prefab using Guid(c642b45e0cff2b943a977f6cbce21a21) Importer(815301076,1909f56bfc062723c751e8b465ee728b) (PreviewImporter) -> (artifact id: '3dd7791c5697ea10678beff5782eac09') in 0.0330046 seconds
Number of updated asset objects reloaded before import = 0Number of asset objects unloaded after import = 19

========================================================================
Received Import Request.
  Time since last request: 0.000029 seconds.
  path: Assets/_Unity Essentials/Prefabs/Outdoor/Flagstone_3in_BY004.prefab
  artifactKey: Guid(e1c50083f78486946a0703d942b10cea) Importer(815301076,1909f56bfc062723c751e8b465ee728b)
Start importing Assets/_Unity Essentials/Prefabs/Outdoor/Flagstone_3in_BY004.prefab using Guid(e1c50083f78486946a0703d942b10cea) Importer(815301076,1909f56bfc062723c751e8b465ee728b) (PreviewImporter) -> (artifact id: '284074edc2e47ca3ce1f66e4b82a4885') in 0.0311441 seconds
Number of updated asset objects reloaded before import = 0Number of asset objects unloaded after import = 18

========================================================================
Received Import Request.
  Time since last request: 21.708948 seconds.
  path: Assets/_Unity Essentials/Prefabs/Objects/Houseplant_8.5in_LR001.prefab
  artifactKey: Guid(f6435afd288f835429e31c0e71195adb) Importer(815301076,1909f56bfc062723c751e8b465ee728b)
Start importing Assets/_Unity Essentials/Prefabs/Objects/Houseplant_8.5in_LR001.prefab using Guid(f6435afd288f835429e31c0e71195adb) Importer(815301076,1909f56bfc062723c751e8b465ee728b) (PreviewImporter) -> (artifact id: 'a9111b534c907a2032f72fd9f7ad6dd9') in 0.032764 seconds
Number of updated asset objects reloaded before import = 0Number of asset objects unloaded after import = 15

========================================================================
Received Import Request.
  Time since last request: 0.000023 seconds.
  path: Assets/_Unity Essentials/Prefabs/Objects/PlantPotRoundMedium.prefab
  artifactKey: Guid(4c00d4e527e5ce04dbbb4920cec10370) Importer(815301076,1909f56bfc062723c751e8b465ee728b)
Start importing Assets/_Unity Essentials/Prefabs/Objects/PlantPotRoundMedium.prefab using Guid(4c00d4e527e5ce04dbbb4920cec10370) Importer(815301076,1909f56bfc062723c751e8b465ee728b) (PreviewImporter) -> (artifact id: '5e0aac67e5eb024aba53dddde92efd9e') in 0.0296047 seconds
Number of updated asset objects reloaded before import = 0Number of asset objects unloaded after import = 20

========================================================================
Received Import Request.
  Time since last request: 0.000023 seconds.
  path: Assets/_Unity Essentials/Prefabs/Objects/Speaker_Boombox.prefab
  artifactKey: Guid(b1537290f47c63744ac10546e5a71f18) Importer(815301076,1909f56bfc062723c751e8b465ee728b)
Start importing Assets/_Unity Essentials/Prefabs/Objects/Speaker_Boombox.prefab using Guid(b1537290f47c63744ac10546e5a71f18) Importer(815301076,1909f56bfc062723c751e8b465ee728b) (PreviewImporter) -> (artifact id: 'd8bfc8873a79c76a087fe3f97620f943') in 0.0440939 seconds
Number of updated asset objects reloaded before import = 0Number of asset objects unloaded after import = 17

Editor requested this worker to shutdown with reason: Scaling down because of idle timeout
AssetImportWorkerClient::OnTransportError - code=2 error=End of file
AssetImportWorker is now disconnected from the server
Process exiting
Exiting without the bug reporter. Application will terminate with return code 0